mkdir: cannot create /u2/dce/V1.2.1/ode/export/rios_aix/usr.
/u2/dce/V1.2.1/ode/export/rios_aix/usr: File exists
mkdir: cannot create /u2/dce/V1.2.1/ode/export/rios_aix/usr/include.
/u2/dce/V1.2.1/ode/export/rios_aix/usr/include: File exists
mkdir: cannot create /u2/dce/V1.2.1/ode/export/rios_aix/usr/include/ode.
/u2/dce/V1.2.1/ode/export/rios_aix/usr/include/ode: File exists
x Makefile, 4257 bytes, 9 tape blocks
x builddata.h, 1628 bytes, 4 tape blocks
x copyrights.h, 1664 bytes, 4 tape blocks
x errno.h, 4077 bytes, 8 tape blocks
x history.h, 3993 bytes, 8 tape blocks
x interface.h, 6472 bytes, 13 tape blocks
x lockcmds.h, 11796 bytes, 24 tape blocks
x misc.h, 1120 bytes, 3 tape blocks
x odedefs.h, 15152 bytes, 30 tape blocks
x odexm.h, 1643 bytes, 4 tape blocks
x parse_rc_file.h, 3583 bytes, 7 tape blocks
x portable.h, 5162 bytes, 11 tape blocks
x private/odexm.h, 2279 bytes, 5 tape blocks
x private/Makefile, 1429 bytes, 3 tape blocks
x private/oxm_relay.h, 1168 bytes, 3 tape blocks
x project.h, 1720 bytes, 4 tape blocks
x public/odexm_client.h, 2880 bytes, 6 tape blocks
x public/Makefile, 1206 bytes, 3 tape blocks
x public/error.h, 2482 bytes, 5 tape blocks
x run.h, 1973 bytes, 4 tape blocks
x sandboxes.h, 3410 bytes, 7 tape blocks
x sci.h, 11823 bytes, 24 tape blocks
x sci_client.h, 3103 bytes, 7 tape blocks
x sets.h, 1994 bytes, 4 tape blocks
x src_ctl_rcs.h, 5241 bytes, 11 tape blocks
x sup.h, 13039 bytes, 26 tape blocks
x supcdefs.h, 5399 bytes, 11 tape blocks
x supmsg.h, 7620 bytes, 15 tape blocks
x util.h, 4211 bytes, 9 tape blocks
x versions.h, 4130 bytes, 9 tape blocks
MACHINE=RIOS
ARCHIVE_FORMAT=AIXARCH
NO_SETENV=NO_SETENV
CC=c89
TARGET_FLAGS=-D_ALL_SOURCE
TARGET_LIBS=-lbsd
SRCPATH=../../../src/ode/bin/make/
EXPORTPATH=../../../src//../export/rios_aix/usr/include
LIBODEPATH=../../../src//ode/lib/libode
PORTPATH=../../../src//ode/lib/libode/porting
CFLAGS=-O   -I../../../src/ode/bin/make/ -I../../../src/ode/bin/make/lst.lib -I../../../src//../export/rios_aix/usr/include -D_ALL_SOURCE
+ date 
BUILD_DATE=Fri Apr 12 16:02:04 CDT 1996
MAIN_CFLAGS=-DMACHINE="RIOS"
CC=c89
PORTING_OFILES=
+ [ -n  ] 
+ [ -n NO_SETENV ] 
+ c89 -c -O -I../../../src/ode/bin/make/ -I../../../src/ode/bin/make/lst.lib -I../../../src//../export/rios_aix/usr/include -D_ALL_SOURCE ../../../src//ode/lib/libode/porting/environment.c 
PORTING_OFILES= environment.o
+ [ -n  ] 
+ [ -n  ] 
+ [ -n  ] 
+ [ -n  ] 
+ cp ../../../src//ode/lib/libode/cond.c ode_cond.c 
+ c89 -c -O -I../../../src/ode/bin/make/ -I../../../src/ode/bin/make/lst.lib -I../../../src//../export/rios_aix/usr/include -D_ALL_SOURCE ode_cond.c 
+ c89 -c -O -I../../../src/ode/bin/make/ -I../../../src/ode/bin/make/lst.lib -I../../../src//../export/rios_aix/usr/include -D_ALL_SOURCE ../../../src/ode/bin/make/arch.c 
+ c89 -c -O -I../../../src/ode/bin/make/ -I../../../src/ode/bin/make/lst.lib -I../../../src//../export/rios_aix/usr/include -D_ALL_SOURCE ../../../src/ode/bin/make/AIXARCH/arch_fmtdep.c 
+ c89 -c -O -I../../../src/ode/bin/make/ -I../../../src/ode/bin/make/lst.lib -I../../../src//../export/rios_aix/usr/include -D_ALL_SOURCE ../../../src/ode/bin/make/buf.c 
+ c89 -c -O -I../../../src/ode/bin/make/ -I../../../src/ode/bin/make/lst.lib -I../../../src//../export/rios_aix/usr/include -D_ALL_SOURCE ../../../src/ode/bin/make/cond.c 
+ c89 -c -O -I../../../src/ode/bin/make/ -I../../../src/ode/bin/make/lst.lib -I../../../src//../export/rios_aix/usr/include -D_ALL_SOURCE ../../../src/ode/bin/make/dir.c 
+ c89 -c -O -I../../../src/ode/bin/make/ -I../../../src/ode/bin/make/lst.lib -I../../../src//../export/rios_aix/usr/include -D_ALL_SOURCE ../../../src/ode/bin/make/hash.c 
+ c89 -c -O -I../../../src/ode/bin/make/ -I../../../src/ode/bin/make/lst.lib -I../../../src//../export/rios_aix/usr/include -D_ALL_SOURCE ../../../src/ode/bin/make/job.c 
"../../../src/ode/bin/make/job.c", line 920.15: 1506-193 (E) Function call argument cannot be assigned to corresponding parameter.
+ c89 -c -O -I../../../src/ode/bin/make/ -I../../../src/ode/bin/make/lst.lib -I../../../src//../export/rios_aix/usr/include -D_ALL_SOURCE -DMACHINE="RIOS" ../../../src/ode/bin/make/main.c 
"../../../src/ode/bin/make/main.c", line 981.18: 1506-193 (E) Function call argument cannot be assigned to corresponding parameter.
"../../../src/ode/bin/make/main.c", line 1079.42: 1506-193 (E) Function call argument cannot be assigned to corresponding parameter.
"../../../src/ode/bin/make/main.c", line 1226.16: 1506-193 (E) Function call argument cannot be assigned to corresponding parameter.
"../../../src/ode/bin/make/main.c", line 1261.16: 1506-193 (E) Function call argument cannot be assigned to corresponding parameter.
"../../../src/ode/bin/make/main.c", line 1313.42: 1506-193 (E) Function call argument cannot be assigned to corresponding parameter.
"../../../src/ode/bin/make/main.c", line 1351.43: 1506-193 (E) Function call argument cannot be assigned to corresponding parameter.
"../../../src/ode/bin/make/main.c", line 1411.42: 1506-193 (E) Function call argument cannot be assigned to corresponding parameter.
"../../../src/ode/bin/make/main.c", line 1474.16: 1506-193 (E) Function call argument cannot be assigned to corresponding parameter.
"../../../src/ode/bin/make/main.c", line 1483.21: 1506-193 (E) Function call argument cannot be assigned to corresponding parameter.
+ c89 -c -O -I../../../src/ode/bin/make/ -I../../../src/ode/bin/make/lst.lib -I../../../src//../export/rios_aix/usr/include -D_ALL_SOURCE ../../../src/ode/bin/make/make.c 
+ c89 -c -O -I../../../src/ode/bin/make/ -I../../../src/ode/bin/make/lst.lib -I../../../src//../export/rios_aix/usr/include -D_ALL_SOURCE ../../../src/ode/bin/make/parse.c 
+ c89 -c -O -I../../../src/ode/bin/make/ -I../../../src/ode/bin/make/lst.lib -I../../../src//../export/rios_aix/usr/include -D_ALL_SOURCE ../../../src/ode/bin/make/str.c 
"../../../src/ode/bin/make/str.c", line 390.29: 1506-193 (E) Function call argument cannot be assigned to corresponding parameter.
+ c89 -c -O -I../../../src/ode/bin/make/ -I../../../src/ode/bin/make/lst.lib -I../../../src//../export/rios_aix/usr/include -D_ALL_SOURCE ../../../src/ode/bin/make/suff.c 
+ c89 -c -O -I../../../src/ode/bin/make/ -I../../../src/ode/bin/make/lst.lib -I../../../src//../export/rios_aix/usr/include -D_ALL_SOURCE ../../../src/ode/bin/make/targ.c 
+ c89 -c -O -I../../../src/ode/bin/make/ -I../../../src/ode/bin/make/lst.lib -I../../../src//../export/rios_aix/usr/include -D_ALL_SOURCE ../../../src/ode/bin/make/var.c 
"../../../src/ode/bin/make/var.c", line 2649.19: 1506-193 (E) Function call argument cannot be assigned to corresponding parameter.
+ c89 -c -O -I../../../src/ode/bin/make/ -I../../../src/ode/bin/make/lst.lib -I../../../src//../export/rios_aix/usr/include -D_ALL_SOURCE ../../../src/ode/bin/make/lst.lib/lstAlloc.c 
+ c89 -c -O -I../../../src/ode/bin/make/ -I../../../src/ode/bin/make/lst.lib -I../../../src//../export/rios_aix/usr/include -D_ALL_SOURCE ../../../src/ode/bin/make/lst.lib/lstAppend.c 
+ c89 -c -O -I../../../src/ode/bin/make/ -I../../../src/ode/bin/make/lst.lib -I../../../src//../export/rios_aix/usr/include -D_ALL_SOURCE ../../../src/ode/bin/make/lst.lib/lstClose.c 
+ c89 -c -O -I../../../src/ode/bin/make/ -I../../../src/ode/bin/make/lst.lib -I../../../src//../export/rios_aix/usr/include -D_ALL_SOURCE ../../../src/ode/bin/make/lst.lib/lstConcat.c 
+ c89 -c -O -I../../../src/ode/bin/make/ -I../../../src/ode/bin/make/lst.lib -I../../../src//../export/rios_aix/usr/include -D_ALL_SOURCE ../../../src/ode/bin/make/lst.lib/lstDeQueue.c 
+ c89 -c -O -I../../../src/ode/bin/make/ -I../../../src/ode/bin/make/lst.lib -I../../../src//../export/rios_aix/usr/include -D_ALL_SOURCE ../../../src/ode/bin/make/lst.lib/lstDestroy.c 
+ c89 -c -O -I../../../src/ode/bin/make/ -I../../../src/ode/bin/make/lst.lib -I../../../src//../export/rios_aix/usr/include -D_ALL_SOURCE ../../../src/ode/bin/make/lst.lib/lstDupl.c 
+ c89 -c -O -I../../../src/ode/bin/make/ -I../../../src/ode/bin/make/lst.lib -I../../../src//../export/rios_aix/usr/include -D_ALL_SOURCE ../../../src/ode/bin/make/lst.lib/lstFindFrom.c 
+ c89 -c -O -I../../../src/ode/bin/make/ -I../../../src/ode/bin/make/lst.lib -I../../../src//../export/rios_aix/usr/include -D_ALL_SOURCE ../../../src/ode/bin/make/lst.lib/lstForEachFrom.c 
+ c89 -c -O -I../../../src/ode/bin/make/ -I../../../src/ode/bin/make/lst.lib -I../../../src//../export/rios_aix/usr/include -D_ALL_SOURCE ../../../src/ode/bin/make/lst.lib/lstInit.c 
+ c89 -c -O -I../../../src/ode/bin/make/ -I../../../src/ode/bin/make/lst.lib -I../../../src//../export/rios_aix/usr/include -D_ALL_SOURCE ../../../src/ode/bin/make/lst.lib/lstInsert.c 
+ c89 -c -O -I../../../src/ode/bin/make/ -I../../../src/ode/bin/make/lst.lib -I../../../src//../export/rios_aix/usr/include -D_ALL_SOURCE ../../../src/ode/bin/make/lst.lib/lstIsAtEnd.c 
+ c89 -c -O -I../../../src/ode/bin/make/ -I../../../src/ode/bin/make/lst.lib -I../../../src//../export/rios_aix/usr/include -D_ALL_SOURCE ../../../src/ode/bin/make/lst.lib/lstMember.c 
+ c89 -c -O -I../../../src/ode/bin/make/ -I../../../src/ode/bin/make/lst.lib -I../../../src//../export/rios_aix/usr/include -D_ALL_SOURCE ../../../src/ode/bin/make/lst.lib/lstNext.c 
+ c89 -c -O -I../../../src/ode/bin/make/ -I../../../src/ode/bin/make/lst.lib -I../../../src//../export/rios_aix/usr/include -D_ALL_SOURCE ../../../src/ode/bin/make/lst.lib/lstOpen.c 
+ c89 -c -O -I../../../src/ode/bin/make/ -I../../../src/ode/bin/make/lst.lib -I../../../src//../export/rios_aix/usr/include -D_ALL_SOURCE ../../../src/ode/bin/make/lst.lib/lstRemove.c 
+ c89 -O ode_cond.o arch.o arch_fmtdep.o buf.o cond.o dir.o hash.o job.o main.o make.o parse.o str.o suff.o targ.o var.o lstAlloc.o lstAppend.o lstClose.o lstConcat.o lstDeQueue.o lstDestroy.o lstDupl.o lstFindFrom.o lstForEachFrom.o lstInit.o lstInsert.o lstIsAtEnd.o lstMember.o lstNext.o lstOpen.o lstRemove.o environment.o -lbsd -o make.X 
+ mv make.X make 
The description file contains an incorrect 
	character: > (octal value 76) on line 219.
	Check that the file is not damaged. 
Make:    Quitting.
The description file contains an incorrect 
	character: > (octal value 76) on line 59.
	Check that the file is not damaged. 
Make:    Quitting.
cp: /u2/dce/V1.2.1/ode/obj/rios_aix/ode/bin/genpath/genpath: No such file or directory
The description file contains an incorrect 
	character: > (octal value 76) on line 59.
	Check that the file is not damaged. 
Make:    Quitting.
cp: /u2/dce/V1.2.1/ode/obj/rios_aix/ode/bin/makepath/makepath: No such file or directory
The description file contains an incorrect 
	character: > (octal value 76) on line 67.
	Check that the file is not damaged. 
Make:    Quitting.
cp: /u2/dce/V1.2.1/ode/obj/rios_aix/ode/bin/build/build: No such file or directory
The description file contains an incorrect 
	character: > (octal value 76) on line 88.
	Check that the file is not damaged. 
Make:    Quitting.
cp: /u2/dce/V1.2.1/ode/obj/rios_aix/ode/bin/release/release: No such file or directory
The description file contains an incorrect 
	character: > (octal value 76) on line 68.
	Check that the file is not damaged. 
Make:    Quitting.
cp: /u2/dce/V1.2.1/ode/obj/rios_aix/ode/bin/md/md: No such file or directory
